{
  "0 debug pnpm:scope": {
    "selected": 1
  },
  "1 debug pnpm:package-manifest": {
    "initial": {
      "name": "@ertravi/cra-example",
      "description": "Example of using create-react-app in a TS monorepo",
      "private": true,
      "version": "0.0.1",
      "dependencies": {
        "@ertravi/txio-view-react": "*",
        "react": "~18.1.0",
        "react-dom": "~18.1.0"
      },
      "devDependencies": {
        "@types/node": "~16.11.0",
        "@babel/core": "~7.17.10",
        "@babel/plugin-syntax-flow": "~7.17.0",
        "@babel/plugin-transform-react-jsx": "~7.17.0",
        "@craco/craco": "~6.4.0",
        "@types/express": "~4.17.13",
        "@types/jest": "~27.5.0",
        "@types/react": "~18.0.0",
        "@types/react-dom": "~18.0.0",
        "autoprefixer": "~10.4.0",
        "cross-env": "~7.0.2",
        "jest": "~28.1.0",
        "postcss": "~8.4.13",
        "react-scripts": "~5.0.0",
        "rimraf": "~3.0.2",
        "ts-jest": "~28.0.0",
        "tsconfig-paths-webpack-plugin": "~3.5.0",
        "typescript": "~4.6.4"
      },
      "scripts": {
        "clean": "rimraf dist",
        "start": "cross-env SKIP_PREFLIGHT_CHECK=true craco start",
        "build": "pnpm i && cross-env SKIP_PREFLIGHT_CHECK=true craco build",
        "test": "cross-env SKIP_PREFLIGHT_CHECK=true craco test --watchAll=false"
      },
      "browserslist": {
        "production": [
          ">0.2%",
          "not dead",
          "not op_mini all"
        ],
        "development": [
          "last 1 chrome version",
          "last 1 firefox version",
          "last 1 safari version"
        ]
      }
    },
    "prefix": "/home/ralf/Projekte/29-dappstep/ergo-transaction-visual/examples/cra"
  },
  "2 debug pnpm:context": {
    "currentLockfileExists": false,
    "storeDir": "/home/ralf/.local/share/pnpm/store/v3",
    "virtualStoreDir": "/home/ralf/Projekte/29-dappstep/ergo-transaction-visual/examples/cra/node_modules/.pnpm"
  },
  "3 debug pnpm:stage": {
    "prefix": "/home/ralf/Projekte/29-dappstep/ergo-transaction-visual/examples/cra",
    "stage": "resolution_started"
  },
  "4 debug pnpm:_dependency_resolved": {
    "resolution": "registry.npmjs.org/@babel/plugin-transform-react-jsx/7.17.12",
    "wanted": {
      "dependentId": ".",
      "name": "@babel/plugin-transform-react-jsx",
      "rawSpec": "~7.17.0"
    }
  },
  "5 debug pnpm:progress": {
    "packageId": "registry.npmjs.org/@babel/plugin-transform-react-jsx/7.17.12",
    "requester": "/home/ralf/Projekte/29-dappstep/ergo-transaction-visual/examples/cra",
    "status": "resolved"
  },
  "6 debug pnpm:progress": {
    "packageId": "registry.npmjs.org/@babel/plugin-transform-react-jsx/7.17.12",
    "requester": "/home/ralf/Projekte/29-dappstep/ergo-transaction-visual/examples/cra",
    "status": "found_in_store"
  },
  "7 debug pnpm:_dependency_resolved": {
    "resolution": "registry.npmjs.org/postcss/8.4.14",
    "wanted": {
      "dependentId": ".",
      "name": "postcss",
      "rawSpec": "~8.4.13"
    }
  },
  "8 debug pnpm:progress": {
    "packageId": "registry.npmjs.org/postcss/8.4.14",
    "requester": "/home/ralf/Projekte/29-dappstep/ergo-transaction-visual/examples/cra",
    "status": "resolved"
  },
  "9 debug pnpm:_dependency_resolved": {
    "resolution": "registry.npmjs.org/@types/react/18.0.9",
    "wanted": {
      "dependentId": ".",
      "name": "@types/react",
      "rawSpec": "~18.0.0"
    }
  },
  "10 debug pnpm:progress": {
    "packageId": "registry.npmjs.org/@types/react/18.0.9",
    "requester": "/home/ralf/Projekte/29-dappstep/ergo-transaction-visual/examples/cra",
    "status": "resolved"
  },
  "11 debug pnpm:_dependency_resolved": {
    "resolution": "registry.npmjs.org/tsconfig-paths-webpack-plugin/3.5.2",
    "wanted": {
      "dependentId": ".",
      "name": "tsconfig-paths-webpack-plugin",
      "rawSpec": "~3.5.0"
    }
  },
  "12 debug pnpm:progress": {
    "packageId": "registry.npmjs.org/tsconfig-paths-webpack-plugin/3.5.2",
    "requester": "/home/ralf/Projekte/29-dappstep/ergo-transaction-visual/examples/cra",
    "status": "resolved"
  },
  "13 debug pnpm:_dependency_resolved": {
    "resolution": "registry.npmjs.org/ts-jest/28.0.2",
    "wanted": {
      "dependentId": ".",
      "name": "ts-jest",
      "rawSpec": "~28.0.0"
    }
  },
  "14 debug pnpm:progress": {
    "packageId": "registry.npmjs.org/ts-jest/28.0.2",
    "requester": "/home/ralf/Projekte/29-dappstep/ergo-transaction-visual/examples/cra",
    "status": "resolved"
  },
  "15 debug pnpm:_dependency_resolved": {
    "resolution": "registry.npmjs.org/rimraf/3.0.2",
    "wanted": {
      "dependentId": ".",
      "name": "rimraf",
      "rawSpec": "~3.0.2"
    }
  },
  "16 debug pnpm:progress": {
    "packageId": "registry.npmjs.org/rimraf/3.0.2",
    "requester": "/home/ralf/Projekte/29-dappstep/ergo-transaction-visual/examples/cra",
    "status": "resolved"
  },
  "17 debug pnpm:_dependency_resolved": {
    "resolution": "registry.npmjs.org/cross-env/7.0.3",
    "wanted": {
      "dependentId": ".",
      "name": "cross-env",
      "rawSpec": "~7.0.2"
    }
  },
  "18 debug pnpm:progress": {
    "packageId": "registry.npmjs.org/cross-env/7.0.3",
    "requester": "/home/ralf/Projekte/29-dappstep/ergo-transaction-visual/examples/cra",
    "status": "resolved"
  },
  "19 debug pnpm:_dependency_resolved": {
    "resolution": "registry.npmjs.org/@types/jest/27.5.1",
    "wanted": {
      "dependentId": ".",
      "name": "@types/jest",
      "rawSpec": "~27.5.0"
    }
  },
  "20 debug pnpm:progress": {
    "packageId": "registry.npmjs.org/@types/jest/27.5.1",
    "requester": "/home/ralf/Projekte/29-dappstep/ergo-transaction-visual/examples/cra",
    "status": "resolved"
  },
  "21 debug pnpm:progress": {
    "packageId": "registry.npmjs.org/postcss/8.4.14",
    "requester": "/home/ralf/Projekte/29-dappstep/ergo-transaction-visual/examples/cra",
    "status": "found_in_store"
  },
  "22 debug pnpm:progress": {
    "packageId": "registry.npmjs.org/@types/react/18.0.9",
    "requester": "/home/ralf/Projekte/29-dappstep/ergo-transaction-visual/examples/cra",
    "status": "found_in_store"
  },
  "23 debug pnpm:progress": {
    "packageId": "registry.npmjs.org/tsconfig-paths-webpack-plugin/3.5.2",
    "requester": "/home/ralf/Projekte/29-dappstep/ergo-transaction-visual/examples/cra",
    "status": "found_in_store"
  },
  "24 debug pnpm:progress": {
    "packageId": "registry.npmjs.org/ts-jest/28.0.2",
    "requester": "/home/ralf/Projekte/29-dappstep/ergo-transaction-visual/examples/cra",
    "status": "found_in_store"
  },
  "25 debug pnpm:progress": {
    "packageId": "registry.npmjs.org/rimraf/3.0.2",
    "requester": "/home/ralf/Projekte/29-dappstep/ergo-transaction-visual/examples/cra",
    "status": "found_in_store"
  },
  "26 debug pnpm:progress": {
    "packageId": "registry.npmjs.org/cross-env/7.0.3",
    "requester": "/home/ralf/Projekte/29-dappstep/ergo-transaction-visual/examples/cra",
    "status": "found_in_store"
  },
  "27 debug pnpm:progress": {
    "packageId": "registry.npmjs.org/@types/jest/27.5.1",
    "requester": "/home/ralf/Projekte/29-dappstep/ergo-transaction-visual/examples/cra",
    "status": "found_in_store"
  },
  "28 debug pnpm:_dependency_resolved": {
    "resolution": "registry.npmjs.org/jest/28.1.0",
    "wanted": {
      "dependentId": ".",
      "name": "jest",
      "rawSpec": "~28.1.0"
    }
  },
  "29 debug pnpm:progress": {
    "packageId": "registry.npmjs.org/jest/28.1.0",
    "requester": "/home/ralf/Projekte/29-dappstep/ergo-transaction-visual/examples/cra",
    "status": "resolved"
  },
  "30 debug pnpm:progress": {
    "packageId": "registry.npmjs.org/jest/28.1.0",
    "requester": "/home/ralf/Projekte/29-dappstep/ergo-transaction-visual/examples/cra",
    "status": "found_in_store"
  },
  "31 debug pnpm:_dependency_resolved": {
    "resolution": "registry.npmjs.org/autoprefixer/10.4.7",
    "wanted": {
      "dependentId": ".",
      "name": "autoprefixer",
      "rawSpec": "~10.4.0"
    }
  },
  "32 debug pnpm:progress": {
    "packageId": "registry.npmjs.org/autoprefixer/10.4.7",
    "requester": "/home/ralf/Projekte/29-dappstep/ergo-transaction-visual/examples/cra",
    "status": "resolved"
  },
  "33 debug pnpm:progress": {
    "packageId": "registry.npmjs.org/autoprefixer/10.4.7",
    "requester": "/home/ralf/Projekte/29-dappstep/ergo-transaction-visual/examples/cra",
    "status": "found_in_store"
  },
  "34 debug pnpm:_dependency_resolved": {
    "resolution": "registry.npmjs.org/react-scripts/5.0.1",
    "wanted": {
      "dependentId": ".",
      "name": "react-scripts",
      "rawSpec": "~5.0.0"
    }
  },
  "35 debug pnpm:progress": {
    "packageId": "registry.npmjs.org/react-scripts/5.0.1",
    "requester": "/home/ralf/Projekte/29-dappstep/ergo-transaction-visual/examples/cra",
    "status": "resolved"
  },
  "36 debug pnpm:_dependency_resolved": {
    "resolution": "registry.npmjs.org/@babel/core/7.17.12",
    "wanted": {
      "dependentId": ".",
      "name": "@babel/core",
      "rawSpec": "~7.17.10"
    }
  },
  "37 debug pnpm:progress": {
    "packageId": "registry.npmjs.org/@babel/core/7.17.12",
    "requester": "/home/ralf/Projekte/29-dappstep/ergo-transaction-visual/examples/cra",
    "status": "resolved"
  },
  "38 debug pnpm:_dependency_resolved": {
    "resolution": "registry.npmjs.org/@babel/plugin-syntax-flow/7.17.12",
    "wanted": {
      "dependentId": ".",
      "name": "@babel/plugin-syntax-flow",
      "rawSpec": "~7.17.0"
    }
  },
  "39 debug pnpm:progress": {
    "packageId": "registry.npmjs.org/@babel/plugin-syntax-flow/7.17.12",
    "requester": "/home/ralf/Projekte/29-dappstep/ergo-transaction-visual/examples/cra",
    "status": "resolved"
  },
  "40 debug pnpm:_dependency_resolved": {
    "resolution": "registry.npmjs.org/react-dom/18.1.0",
    "wanted": {
      "dependentId": ".",
      "name": "react-dom",
      "rawSpec": "~18.1.0"
    }
  },
  "41 debug pnpm:progress": {
    "packageId": "registry.npmjs.org/react-dom/18.1.0",
    "requester": "/home/ralf/Projekte/29-dappstep/ergo-transaction-visual/examples/cra",
    "status": "resolved"
  },
  "42 debug pnpm:progress": {
    "packageId": "registry.npmjs.org/react-scripts/5.0.1",
    "requester": "/home/ralf/Projekte/29-dappstep/ergo-transaction-visual/examples/cra",
    "status": "found_in_store"
  },
  "43 debug pnpm:progress": {
    "packageId": "registry.npmjs.org/react-dom/18.1.0",
    "requester": "/home/ralf/Projekte/29-dappstep/ergo-transaction-visual/examples/cra",
    "status": "found_in_store"
  },
  "44 debug pnpm:progress": {
    "packageId": "registry.npmjs.org/@babel/plugin-syntax-flow/7.17.12",
    "requester": "/home/ralf/Projekte/29-dappstep/ergo-transaction-visual/examples/cra",
    "status": "found_in_store"
  },
  "45 debug pnpm:fetching-progress": {
    "attempt": 1,
    "packageId": "registry.npmjs.org/@babel/core/7.17.12",
    "size": 61037,
    "status": "started"
  },
  "46 debug pnpm:_dependency_resolved": {
    "resolution": "registry.npmjs.org/react/18.1.0",
    "wanted": {
      "dependentId": ".",
      "name": "react",
      "rawSpec": "~18.1.0"
    }
  },
  "47 debug pnpm:progress": {
    "packageId": "registry.npmjs.org/react/18.1.0",
    "requester": "/home/ralf/Projekte/29-dappstep/ergo-transaction-visual/examples/cra",
    "status": "resolved"
  },
  "48 debug pnpm:_dependency_resolved": {
    "resolution": "registry.npmjs.org/@types/react-dom/18.0.4",
    "wanted": {
      "dependentId": ".",
      "name": "@types/react-dom",
      "rawSpec": "~18.0.0"
    }
  },
  "49 debug pnpm:progress": {
    "packageId": "registry.npmjs.org/@types/react-dom/18.0.4",
    "requester": "/home/ralf/Projekte/29-dappstep/ergo-transaction-visual/examples/cra",
    "status": "resolved"
  },
  "50 debug pnpm:progress": {
    "packageId": "registry.npmjs.org/react/18.1.0",
    "requester": "/home/ralf/Projekte/29-dappstep/ergo-transaction-visual/examples/cra",
    "status": "found_in_store"
  },
  "51 debug pnpm:progress": {
    "packageId": "registry.npmjs.org/@types/react-dom/18.0.4",
    "requester": "/home/ralf/Projekte/29-dappstep/ergo-transaction-visual/examples/cra",
    "status": "found_in_store"
  },
  "52 debug pnpm:progress": {
    "packageId": "registry.npmjs.org/@babel/core/7.17.12",
    "requester": "/home/ralf/Projekte/29-dappstep/ergo-transaction-visual/examples/cra",
    "status": "fetched"
  },
  "53 debug pnpm:_dependency_resolved": {
    "resolution": "registry.npmjs.org/@types/express/4.17.13",
    "wanted": {
      "dependentId": ".",
      "name": "@types/express",
      "rawSpec": "~4.17.13"
    }
  },
  "54 debug pnpm:progress": {
    "packageId": "registry.npmjs.org/@types/express/4.17.13",
    "requester": "/home/ralf/Projekte/29-dappstep/ergo-transaction-visual/examples/cra",
    "status": "resolved"
  },
  "55 debug pnpm:progress": {
    "packageId": "registry.npmjs.org/@types/express/4.17.13",
    "requester": "/home/ralf/Projekte/29-dappstep/ergo-transaction-visual/examples/cra",
    "status": "found_in_store"
  },
  "56 debug pnpm:_dependency_resolved": {
    "resolution": "registry.npmjs.org/@types/node/16.11.36",
    "wanted": {
      "dependentId": ".",
      "name": "@types/node",
      "rawSpec": "~16.11.0"
    }
  },
  "57 debug pnpm:progress": {
    "packageId": "registry.npmjs.org/@types/node/16.11.36",
    "requester": "/home/ralf/Projekte/29-dappstep/ergo-transaction-visual/examples/cra",
    "status": "resolved"
  },
  "58 debug pnpm:progress": {
    "packageId": "registry.npmjs.org/@types/node/16.11.36",
    "requester": "/home/ralf/Projekte/29-dappstep/ergo-transaction-visual/examples/cra",
    "status": "found_in_store"
  }
}