{
  "0 debug pnpm:scope": {
    "selected": 1
  },
  "1 error pnpm": {
    "errno": 1,
    "code": "ELIFECYCLE",
    "pkgid": "@ertravi/txio-view-react@0.0.7",
    "stage": "compile",
    "script": "tsc -p tsconfig.build.json",
    "pkgname": "@ertravi/txio-view-react",
    "err": {
      "name": "pnpm",
      "message": "@ertravi/txio-view-react@0.0.7 compile: `tsc -p tsconfig.build.json`\nExit status 1",
      "code": "ELIFECYCLE",
      "stack": "pnpm: @ertravi/txio-view-react@0.0.7 compile: `tsc -p tsconfig.build.json`\nExit status 1\n    at EventEmitter.<anonymous> (/home/ralf/.nvm/versions/node/v16.11.0/lib/node_modules/pnpm/dist/pnpm.cjs:106893:20)\n    at EventEmitter.emit (node:events:390:28)\n    at ChildProcess.<anonymous> (/home/ralf/.nvm/versions/node/v16.11.0/lib/node_modules/pnpm/dist/pnpm.cjs:93462:18)\n    at ChildProcess.emit (node:events:390:28)\n    at maybeClose (node:internal/child_process:1064:16)\n    at Process.ChildProcess._handle.onexit (node:internal/child_process:301:5)"
    }
  },
  "2 warn pnpm:global": " Local package.json exists, but node_modules missing, did you mean to install?"
}